<?xml version="1.0" encoding="UTF-8"?>
<testsuite xmlns:xsi="http://www.w3.org/2001/XMLSchema-instance" xsi:noNamespaceSchemaLocation="https://maven.apache.org/surefire/maven-surefire-plugin/xsd/surefire-test-report.xsd" name="com.toolsetlink.upgradelink.api.ClientTest" time="0.049" tests="7" errors="0" skipped="0" failures="0">
  <properties>
[...]
</properties>
  <testcase name="com.toolsetlink.upgradelink.api.ClientTest.testGetUrlUpgrade" classname="com.toolsetlink.upgradelink.api.ClientTest" time="0.024"/>
  <testcase name="com.toolsetlink.upgradelink.api.ClientTest.testGetFileUpgrade" classname="com.toolsetlink.upgradelink.api.ClientTest" time="0"/>
  <testcase name="com.toolsetlink.upgradelink.api.ClientTest.testGetApkUpgrade" classname="com.toolsetlink.upgradelink.api.ClientTest" time="0.003"/>
  <testcase name="com.toolsetlink.upgradelink.api.ClientTest.testPostAppReport" classname="com.toolsetlink.upgradelink.api.ClientTest" time="0.016"/>
  <testcase name="com.toolsetlink.upgradelink.api.ClientTest.testPostAppReport1" classname="com.toolsetlink.upgradelink.api.ClientTest" time="0.001"/>
  <testcase name="com.toolsetlink.upgradelink.api.ClientTest.testPostAppReport2" classname="com.toolsetlink.upgradelink.api.ClientTest" time="0"/>
  <testcase name="com.toolsetlink.upgradelink.api.ClientTest.testGetConfigurationUpgrade" classname="com.toolsetlink.upgradelink.api.ClientTest" time="0.003"/>
</testsuite>